<?xml version="1.0" encoding="UTF-8"?>
<!-- Generated by org.testng.reporters.JUnitXMLReporter -->
<testsuite ignored="2" hostname="DESKTOP-MJ9MOU3" failures="0" tests="6" name="Test" time="22.88" errors="0" timestamp="2025-02-12T17:09:35 IST">
  <testcase classname="LearnTestngExecution.LearnTestngBatchAndParallelExecution1" name="Sample1" time="0.018"/>
  <testcase classname="LearnTestngExecution.LearnTestngBatchAndParallelExecution1" name="Sample2" time="0.006"/>
  <testcase classname="LearnTestngExecution.LearnTestngBatchAndParallelExecution1" name="Sample3" time="0.003"/>
  <testcase classname="LearnTestngExecution.LearnTestngBatchAndParallelExecution2" name="Sample4" time="0.005"/>
  <testcase classname="LearnTestngExecution.LearnTestngBatchAndParallelExecution2" name="Sample5" time="0.002"/>
  <testcase classname="LearnTestngExecution.LearnTestngBatchAndParallelExecution2" name="Sample6" time="0.003"/>
  <testcase classname="BaseClassUtility.BaseClassUtility" name="@BeforeSuite beforeSuie" time="0.0">
    <ignored/>
  </testcase> <!-- @BeforeSuite beforeSuie -->
  <testcase classname="BaseClassUtility.BaseClassUtility" name="@AfterSuite afterSuite" time="0.0">
    <ignored/>
  </testcase> <!-- @AfterSuite afterSuite -->
</testsuite> <!-- Test -->
