<?xml version="1.0" encoding="UTF-8"?>
<!-- Generated by org.testng.reporters.JUnitXMLReporter -->
<testsuite ignored="0" hostname="DESKTOP-MJ9MOU3" failures="1" tests="2" name="Test" time="29.079" errors="0" timestamp="2025-02-14T10:57:22 IST">
  <testcase classname="LearnListnerClass.InvoiceTestListner" name="createInvoiceTest" time="20.06">
    <failure type="java.lang.AssertionError" message="expected [Login] but found [Admin123@ Administrator1 - Home - vtiger CRM 5 - Commercial Open Source CRM]">
      <![CDATA[java.lang.AssertionError: expected [Login] but found [Admin123@ Administrator1 - Home - vtiger CRM 5 - Commercial Open Source CRM]
at LearnListnerClass.InvoiceTestListner.createInvoiceTest(InvoiceTestListner.java:19)
at java.base/java.util.ArrayList.forEach(ArrayList.java:1597)
... Removed 31 stack frames]]>
    </failure>
  </testcase> <!-- createInvoiceTest -->
  <testcase classname="LearnListnerClass.InvoiceTestListner" name="createInvoicewithContactTest" time="0.002"/>
</testsuite> <!-- Test -->
